#
# There is insufficient memory for the Java Runtime Environment to continue.
# Native memory allocation (malloc) failed to allocate 902576 bytes for Chunk::new
# Possible reasons:
#   The system is out of physical RAM or swap space
#   The process is running with CompressedOops enabled, and the Java Heap may be blocking the growth of the native heap
# Possible solutions:
#   Reduce memory load on the system
#   Increase physical memory or swap space
#   Check if swap backing store is full
#   Decrease Java heap size (-Xmx/-Xms)
#   Decrease number of Java threads
#   Decrease Java thread stack sizes (-Xss)
#   Set larger code cache with -XX:ReservedCodeCacheSize=
#   JVM is running with Unscaled Compressed Oops mode in which the Java heap is
#     placed in the first 4GB address space. The Java Heap base address is the
#     maximum limit for the native heap growth. Please use -XX:HeapBaseMinAddress
#     to set the Java Heap base and to place the Java Heap above 4GB virtual address.
# This output file may be truncated or incomplete.
#
#  Out of Memory Error (allocation.cpp:389), pid=14396, tid=0x000000000000368c
#
# JRE version: Java(TM) SE Runtime Environment (8.0_212-b10) (build 1.8.0_212-b10)
# Java VM: Java HotSpot(TM) 64-Bit Server VM (25.212-b10 mixed mode windows-amd64 compressed oops)
# Failed to write core dump. Minidumps are not enabled by default on client versions of Windows
#

---------------  T H R E A D  ---------------

Current thread (0x00000000175a1800):  JavaThread "C2 CompilerThread1" daemon [_thread_in_native, id=13964, stack(0x0000000017990000,0x0000000017a90000)]

Stack: [0x0000000017990000,0x0000000017a90000]
[error occurred during error reporting (printing stack bounds), id 0xc0000005]

Native frames: (J=compiled Java code, j=interpreted, Vv=VM code, C=native code)


Current CompileTask:
C2:  37851 3703   !   4       com.sun.tools.javac.file.JavacFileManager::listContainer (94 bytes)


---------------  P R O C E S S  ---------------

Java Threads: ( => current thread )
  0x00000000175fd000 JavaThread "Service Thread" daemon [_thread_blocked, id=12936, stack(0x0000000017b90000,0x0000000017c90000)]
  0x00000000175df000 JavaThread "C1 CompilerThread2" daemon [_thread_blocked, id=13420, stack(0x0000000017a90000,0x0000000017b90000)]
=>0x00000000175a1800 JavaThread "C2 CompilerThread1" daemon [_thread_in_native, id=13964, stack(0x0000000017990000,0x0000000017a90000)]
  0x0000000015e19800 JavaThread "C2 CompilerThread0" daemon [_thread_in_native, id=10616, stack(0x0000000017490000,0x0000000017590000)]
  0x0000000015e17000 JavaThread "Attach Listener" daemon [_thread_blocked, id=13156, stack(0x0000000017390000,0x0000000017490000)]
  0x0000000015e16000 JavaThread "Signal Dispatcher" daemon [_thread_blocked, id=14876, stack(0x0000000017290000,0x0000000017390000)]
  0x000000000255a800 JavaThread "Finalizer" daemon [_thread_blocked, id=14760, stack(0x0000000017090000,0x0000000017190000)]
  0x0000000002552000 JavaThread "Reference Handler" daemon [_thread_blocked, id=14648, stack(0x0000000016f90000,0x0000000017090000)]
  0x000000000099e800 JavaThread "main" [_thread_in_native, id=15032, stack(0x0000000002360000,0x0000000002460000)]

Other Threads:
  0x0000000015dd7800 VMThread [stack: 0x0000000016e90000,0x0000000016f90000] [id=15296]
  0x00000000175ff800 WatcherThread [stack: 0x0000000017c90000,0x0000000017d90000] [id=13812]

VM state:not at safepoint (normal execution)

VM Mutex/Monitor currently owned by a thread: None

heap address: 0x00000000a1600000, size: 1514 MB, Compressed Oops mode: 32-bit
Narrow klass base: 0x0000000000000000, Narrow klass shift: 3
Compressed class space size: 1073741824 Address: 0x0000000100000000

Heap:
 PSYoungGen      total 102400K, used 27307K [0x00000000e0780000, 0x00000000e6f80000, 0x0000000100000000)
  eden space 98304K, 27% used [0x00000000e0780000,0x00000000e222ac40,0x00000000e6780000)
  from space 4096K, 0% used [0x00000000e6780000,0x00000000e6780000,0x00000000e6b80000)
  to   space 4096K, 0% used [0x00000000e6b80000,0x00000000e6b80000,0x00000000e6f80000)
 ParOldGen       total 73216K, used 20288K [0x00000000a1600000, 0x00000000a5d80000, 0x00000000e0780000)
  object space 73216K, 27% used [0x00000000a1600000,0x00000000a29d0098,0x00000000a5d80000)
 Metaspace       used 21283K, capacity 21866K, committed 22064K, reserved 1069056K
  class space    used 2523K, capacity 2688K, committed 2688K, reserved 1048576K

Card table byte_map: [0x0000000011920000,0x0000000011c20000] byte_map_base: 0x0000000011415000

Marking Bits: (ParMarkBitMap*) 0x0000000076e45ce0
 Begin Bits: [0x0000000012220000, 0x00000000139c8000)
 End Bits:   [0x00000000139c8000, 0x0000000015170000)

Polling page: 0x0000000000960000

CodeCache: size=245760Kb used=11787Kb max_used=12163Kb free=233972Kb
 bounds [0x0000000002560000, 0x0000000003150000, 0x0000000011560000]
 total_blobs=3805 nmethods=3429 adapters=287
 compilation: enabled

Compilation events (10 events):
Event: 37.753 Thread 0x00000000175df000 nmethod 3752 0x00000000026cc5d0 code [0x00000000026cc740, 0x00000000026cc968]
Event: 37.758 Thread 0x00000000175df000 3753       3       com.sun.tools.javac.code.Types::interfaces (12 bytes)
Event: 37.758 Thread 0x00000000175df000 nmethod 3753 0x0000000002b5bdd0 code [0x0000000002b5bf40, 0x0000000002b5c348]
Event: 37.769 Thread 0x00000000175df000 3754       3       com.sun.tools.javac.file.JavacFileManager::listDirectory (172 bytes)
Event: 37.773 Thread 0x00000000175df000 nmethod 3754 0x0000000002b15810 code [0x0000000002b15b00, 0x0000000002b16e78]
Event: 37.794 Thread 0x00000000175df000 3755       3       com.sun.tools.javac.tree.JCTree$JCModifiers::accept (6 bytes)
Event: 37.795 Thread 0x00000000175df000 nmethod 3755 0x0000000002966dd0 code [0x0000000002966f40, 0x0000000002967168]
Event: 37.828 Thread 0x00000000175df000 3756       3       com.sun.tools.javac.tree.TreeScanner::visitModifiers (9 bytes)
Event: 37.829 Thread 0x00000000175df000 nmethod 3756 0x00000000028fd710 code [0x00000000028fd8a0, 0x00000000028fdec8]
Event: 37.830 Thread 0x00000000175df000 3757       3       com.sun.tools.javac.tree.JCTree$JCVariableDecl::accept (6 bytes)

GC Heap History (10 events):
Event: 8.240 GC heap before
{Heap before GC invocations=2 (full 0):
 PSYoungGen      total 28672K, used 28644K [0x00000000e0780000, 0x00000000e3f80000, 0x0000000100000000)
  eden space 24576K, 100% used [0x00000000e0780000,0x00000000e1f80000,0x00000000e1f80000)
  from space 4096K, 99% used [0x00000000e1f80000,0x00000000e23792f0,0x00000000e2380000)
  to   space 4096K, 0% used [0x00000000e3b80000,0x00000000e3b80000,0x00000000e3f80000)
 ParOldGen       total 65536K, used 96K [0x00000000a1600000, 0x00000000a5600000, 0x00000000e0780000)
  object space 65536K, 0% used [0x00000000a1600000,0x00000000a1618230,0x00000000a5600000)
 Metaspace       used 9567K, capacity 9700K, committed 9728K, reserved 1058816K
  class space    used 1192K, capacity 1253K, committed 1280K, reserved 1048576K
Event: 8.265 GC heap after
Heap after GC invocations=2 (full 0):
 PSYoungGen      total 53248K, used 4086K [0x00000000e0780000, 0x00000000e3f80000, 0x0000000100000000)
  eden space 49152K, 0% used [0x00000000e0780000,0x00000000e0780000,0x00000000e3780000)
  from space 4096K, 99% used [0x00000000e3b80000,0x00000000e3f7db68,0x00000000e3f80000)
  to   space 4096K, 0% used [0x00000000e3780000,0x00000000e3780000,0x00000000e3b80000)
 ParOldGen       total 65536K, used 720K [0x00000000a1600000, 0x00000000a5600000, 0x00000000e0780000)
  object space 65536K, 1% used [0x00000000a1600000,0x00000000a16b4048,0x00000000a5600000)
 Metaspace       used 9567K, capacity 9700K, committed 9728K, reserved 1058816K
  class space    used 1192K, capacity 1253K, committed 1280K, reserved 1048576K
}
Event: 15.784 GC heap before
{Heap before GC invocations=3 (full 0):
 PSYoungGen      total 53248K, used 53238K [0x00000000e0780000, 0x00000000e3f80000, 0x0000000100000000)
  eden space 49152K, 100% used [0x00000000e0780000,0x00000000e3780000,0x00000000e3780000)
  from space 4096K, 99% used [0x00000000e3b80000,0x00000000e3f7db68,0x00000000e3f80000)
  to   space 4096K, 0% used [0x00000000e3780000,0x00000000e3780000,0x00000000e3b80000)
 ParOldGen       total 65536K, used 720K [0x00000000a1600000, 0x00000000a5600000, 0x00000000e0780000)
  object space 65536K, 1% used [0x00000000a1600000,0x00000000a16b4048,0x00000000a5600000)
 Metaspace       used 14900K, capacity 15118K, committed 15232K, reserved 1062912K
  class space    used 1819K, capacity 1911K, committed 1920K, reserved 1048576K
Event: 15.849 GC heap after
Heap after GC invocations=3 (full 0):
 PSYoungGen      total 53248K, used 4080K [0x00000000e0780000, 0x00000000e6f80000, 0x0000000100000000)
  eden space 49152K, 0% used [0x00000000e0780000,0x00000000e0780000,0x00000000e3780000)
  from space 4096K, 99% used [0x00000000e3780000,0x00000000e3b7c010,0x00000000e3b80000)
  to   space 4096K, 0% used [0x00000000e6b80000,0x00000000e6b80000,0x00000000e6f80000)
 ParOldGen       total 65536K, used 5906K [0x00000000a1600000, 0x00000000a5600000, 0x00000000e0780000)
  object space 65536K, 9% used [0x00000000a1600000,0x00000000a1bc4a38,0x00000000a5600000)
 Metaspace       used 14900K, capacity 15118K, committed 15232K, reserved 1062912K
  class space    used 1819K, capacity 1911K, committed 1920K, reserved 1048576K
}
Event: 24.569 GC heap before
{Heap before GC invocations=4 (full 0):
 PSYoungGen      total 53248K, used 53232K [0x00000000e0780000, 0x00000000e6f80000, 0x0000000100000000)
  eden space 49152K, 100% used [0x00000000e0780000,0x00000000e3780000,0x00000000e3780000)
  from space 4096K, 99% used [0x00000000e3780000,0x00000000e3b7c010,0x00000000e3b80000)
  to   space 4096K, 0% used [0x00000000e6b80000,0x00000000e6b80000,0x00000000e6f80000)
 ParOldGen       total 65536K, used 5906K [0x00000000a1600000, 0x00000000a5600000, 0x00000000e0780000)
  object space 65536K, 9% used [0x00000000a1600000,0x00000000a1bc4a38,0x00000000a5600000)
 Metaspace       used 16054K, capacity 16426K, committed 16640K, reserved 1064960K
  class space    used 1921K, capacity 2025K, committed 2048K, reserved 1048576K
Event: 24.717 GC heap after
Heap after GC invocations=4 (full 0):
 PSYoungGen      total 102400K, used 4080K [0x00000000e0780000, 0x00000000e6f80000, 0x0000000100000000)
  eden space 98304K, 0% used [0x00000000e0780000,0x00000000e0780000,0x00000000e6780000)
  from space 4096K, 99% used [0x00000000e6b80000,0x00000000e6f7c030,0x00000000e6f80000)
  to   space 4096K, 0% used [0x00000000e6780000,0x00000000e6780000,0x00000000e6b80000)
 ParOldGen       total 65536K, used 9174K [0x00000000a1600000, 0x00000000a5600000, 0x00000000e0780000)
  object space 65536K, 13% used [0x00000000a1600000,0x00000000a1ef5a68,0x00000000a5600000)
 Metaspace       used 16054K, capacity 16426K, committed 16640K, reserved 1064960K
  class space    used 1921K, capacity 2025K, committed 2048K, reserved 1048576K
}
Event: 34.885 GC heap before
{Heap before GC invocations=5 (full 0):
 PSYoungGen      total 102400K, used 64782K [0x00000000e0780000, 0x00000000e6f80000, 0x0000000100000000)
  eden space 98304K, 61% used [0x00000000e0780000,0x00000000e42c77e0,0x00000000e6780000)
  from space 4096K, 99% used [0x00000000e6b80000,0x00000000e6f7c030,0x00000000e6f80000)
  to   space 4096K, 0% used [0x00000000e6780000,0x00000000e6780000,0x00000000e6b80000)
 ParOldGen       total 65536K, used 9174K [0x00000000a1600000, 0x00000000a5600000, 0x00000000e0780000)
  object space 65536K, 13% used [0x00000000a1600000,0x00000000a1ef5a68,0x00000000a5600000)
 Metaspace       used 20707K, capacity 21140K, committed 21296K, reserved 1069056K
  class space    used 2489K, capacity 2618K, committed 2688K, reserved 1048576K
Event: 34.958 GC heap after
Heap after GC invocations=5 (full 0):
 PSYoungGen      total 102400K, used 4064K [0x00000000e0780000, 0x00000000e6f80000, 0x0000000100000000)
  eden space 98304K, 0% used [0x00000000e0780000,0x00000000e0780000,0x00000000e6780000)
  from space 4096K, 99% used [0x00000000e6780000,0x00000000e6b78020,0x00000000e6b80000)
  to   space 4096K, 0% used [0x00000000e6b80000,0x00000000e6b80000,0x00000000e6f80000)
 ParOldGen       total 65536K, used 22245K [0x00000000a1600000, 0x00000000a5600000, 0x00000000e0780000)
  object space 65536K, 33% used [0x00000000a1600000,0x00000000a2bb9728,0x00000000a5600000)
 Metaspace       used 20707K, capacity 21140K, committed 21296K, reserved 1069056K
  class space    used 2489K, capacity 2618K, committed 2688K, reserved 1048576K
}
Event: 34.958 GC heap before
{Heap before GC invocations=6 (full 1):
 PSYoungGen      total 102400K, used 4064K [0x00000000e0780000, 0x00000000e6f80000, 0x0000000100000000)
  eden space 98304K, 0% used [0x00000000e0780000,0x00000000e0780000,0x00000000e6780000)
  from space 4096K, 99% used [0x00000000e6780000,0x00000000e6b78020,0x00000000e6b80000)
  to   space 4096K, 0% used [0x00000000e6b80000,0x00000000e6b80000,0x00000000e6f80000)
 ParOldGen       total 65536K, used 22245K [0x00000000a1600000, 0x00000000a5600000, 0x00000000e0780000)
  object space 65536K, 33% used [0x00000000a1600000,0x00000000a2bb9728,0x00000000a5600000)
 Metaspace       used 20707K, capacity 21140K, committed 21296K, reserved 1069056K
  class space    used 2489K, capacity 2618K, committed 2688K, reserved 1048576K
Event: 35.624 GC heap after
Heap after GC invocations=6 (full 1):
 PSYoungGen      total 102400K, used 0K [0x00000000e0780000, 0x00000000e6f80000, 0x0000000100000000)
  eden space 98304K, 0% used [0x00000000e0780000,0x00000000e0780000,0x00000000e6780000)
  from space 4096K, 0% used [0x00000000e6780000,0x00000000e6780000,0x00000000e6b80000)
  to   space 4096K, 0% used [0x00000000e6b80000,0x00000000e6b80000,0x00000000e6f80000)
 ParOldGen       total 73216K, used 20288K [0x00000000a1600000, 0x00000000a5d80000, 0x00000000e0780000)
  object space 73216K, 27% used [0x00000000a1600000,0x00000000a29d0098,0x00000000a5d80000)
 Metaspace       used 20707K, capacity 21140K, committed 21296K, reserved 1069056K
  class space    used 2489K, capacity 2618K, committed 2688K, reserved 1048576K
}

Deoptimization events (10 events):
Event: 36.278 Thread 0x000000000099e800 Uncommon trap: reason=class_check action=maybe_recompile pc=0x000000000280d998 method=com.sun.tools.javac.util.List.prependList(Lcom/sun/tools/javac/util/List;)Lcom/sun/tools/javac/util/List; @ 1
Event: 36.448 Thread 0x000000000099e800 Uncommon trap: reason=class_check action=maybe_recompile pc=0x000000000280d998 method=com.sun.tools.javac.util.List.prependList(Lcom/sun/tools/javac/util/List;)Lcom/sun/tools/javac/util/List; @ 1
Event: 36.700 Thread 0x000000000099e800 Uncommon trap: reason=unstable_if action=reinterpret pc=0x00000000026a65d0 method=com.sun.tools.javac.util.ArrayUtils.ensureCapacity([BI)[B @ 3
Event: 36.858 Thread 0x000000000099e800 Uncommon trap: reason=class_check action=maybe_recompile pc=0x000000000280d998 method=com.sun.tools.javac.util.List.prependList(Lcom/sun/tools/javac/util/List;)Lcom/sun/tools/javac/util/List; @ 1
Event: 36.860 Thread 0x000000000099e800 Uncommon trap: reason=unstable_if action=reinterpret pc=0x00000000027fb5c4 method=java.lang.Integer.valueOf(I)Ljava/lang/Integer; @ 3
Event: 36.885 Thread 0x000000000099e800 Uncommon trap: reason=class_check action=maybe_recompile pc=0x000000000280d998 method=com.sun.tools.javac.util.List.prependList(Lcom/sun/tools/javac/util/List;)Lcom/sun/tools/javac/util/List; @ 1
Event: 37.015 Thread 0x000000000099e800 Uncommon trap: reason=bimorphic action=maybe_recompile pc=0x0000000002a4281c method=java.lang.ClassLoader.loadClass(Ljava/lang/String;Z)Ljava/lang/Class; @ 38
Event: 37.018 Thread 0x000000000099e800 Uncommon trap: reason=bimorphic action=maybe_recompile pc=0x0000000002a4281c method=java.lang.ClassLoader.loadClass(Ljava/lang/String;Z)Ljava/lang/Class; @ 38
Event: 37.019 Thread 0x000000000099e800 Uncommon trap: reason=bimorphic action=maybe_recompile pc=0x0000000002a4281c method=java.lang.ClassLoader.loadClass(Ljava/lang/String;Z)Ljava/lang/Class; @ 38
Event: 37.030 Thread 0x000000000099e800 Uncommon trap: reason=bimorphic action=maybe_recompile pc=0x0000000002a4281c method=java.lang.ClassLoader.loadClass(Ljava/lang/String;Z)Ljava/lang/Class; @ 38

Classes redefined (0 events):
No events

Internal exceptions (10 events):
Event: 34.094 Thread 0x000000000099e800 Exception <a 'java/io/FileNotFoundException'> (0x00000000e3552168) thrown at [C:\re\workspace\8-2-build-windows-amd64-cygwin\jdk8u212\12974\hotspot\src\share\vm\prims\jni.cpp, line 710]
Event: 34.230 Thread 0x000000000099e800 Exception <a 'java/io/FileNotFoundException'> (0x00000000e3973360) thrown at [C:\re\workspace\8-2-build-windows-amd64-cygwin\jdk8u212\12974\hotspot\src\share\vm\prims\jni.cpp, line 710]
Event: 34.231 Thread 0x000000000099e800 Exception <a 'java/io/FileNotFoundException'> (0x00000000e3974440) thrown at [C:\re\workspace\8-2-build-windows-amd64-cygwin\jdk8u212\12974\hotspot\src\share\vm\prims\jni.cpp, line 710]
Event: 34.232 Thread 0x000000000099e800 Exception <a 'java/io/FileNotFoundException'> (0x00000000e3975548) thrown at [C:\re\workspace\8-2-build-windows-amd64-cygwin\jdk8u212\12974\hotspot\src\share\vm\prims\jni.cpp, line 710]
Event: 34.233 Thread 0x000000000099e800 Exception <a 'java/io/FileNotFoundException'> (0x00000000e3976628) thrown at [C:\re\workspace\8-2-build-windows-amd64-cygwin\jdk8u212\12974\hotspot\src\share\vm\prims\jni.cpp, line 710]
Event: 34.234 Thread 0x000000000099e800 Exception <a 'java/io/FileNotFoundException'> (0x00000000e3977710) thrown at [C:\re\workspace\8-2-build-windows-amd64-cygwin\jdk8u212\12974\hotspot\src\share\vm\prims\jni.cpp, line 710]
Event: 34.234 Thread 0x000000000099e800 Exception <a 'java/io/FileNotFoundException'> (0x00000000e3978798) thrown at [C:\re\workspace\8-2-build-windows-amd64-cygwin\jdk8u212\12974\hotspot\src\share\vm\prims\jni.cpp, line 710]
Event: 37.201 Thread 0x000000000099e800 Exception <a 'java/util/zip/ZipException'> (0x00000000e1589a20) thrown at [C:\re\workspace\8-2-build-windows-amd64-cygwin\jdk8u212\12974\hotspot\src\share\vm\prims\jni.cpp, line 710]
Event: 37.213 Thread 0x000000000099e800 Exception <a 'java/util/zip/ZipException'> (0x00000000e15aa240) thrown at [C:\re\workspace\8-2-build-windows-amd64-cygwin\jdk8u212\12974\hotspot\src\share\vm\prims\jni.cpp, line 710]
Event: 37.270 Thread 0x000000000099e800 Exception <a 'java/util/zip/ZipException'> (0x00000000e15f3008) thrown at [C:\re\workspace\8-2-build-windows-amd64-cygwin\jdk8u212\12974\hotspot\src\share\vm\prims\jni.cpp, line 710]

Events (10 events):
Event: 37.188 loading class net/java/truecommons/annotations/ServiceSpecification
Event: 37.188 loading class net/java/truecommons/annotations/ServiceSpecification done
Event: 37.280 loading class com/sun/tools/javac/api/JavacTrees
Event: 37.280 loading class com/sun/tools/javac/api/JavacTrees done
Event: 37.282 loading class com/sun/source/util/DocTrees
Event: 37.282 loading class com/sun/source/util/DocTrees done
Event: 37.282 loading class com/sun/source/util/Trees
Event: 37.282 loading class com/sun/source/util/Trees done
Event: 37.295 loading class com/sun/tools/javac/file/CacheFSInfo$Entry
Event: 37.295 loading class com/sun/tools/javac/file/CacheFSInfo$Entry done


Dynamic libraries:
0x00007ff76ee30000 - 0x00007ff76ee67000 	C:\Program Files\Java\jdk1.8.0_212\bin\javaw.exe
0x00007fff57b60000 - 0x00007fff57d50000 	C:\WINDOWS\SYSTEM32\ntdll.dll
0x00007fff55d60000 - 0x00007fff55e12000 	C:\WINDOWS\System32\KERNEL32.DLL
0x00007fff54130000 - 0x00007fff543d5000 	C:\WINDOWS\System32\KERNELBASE.dll
0x00007fff56fa0000 - 0x00007fff57043000 	C:\WINDOWS\System32\ADVAPI32.dll
0x00007fff57430000 - 0x00007fff574ce000 	C:\WINDOWS\System32\msvcrt.dll
0x00007fff576a0000 - 0x00007fff57737000 	C:\WINDOWS\System32\sechost.dll
0x00007fff55c40000 - 0x00007fff55d60000 	C:\WINDOWS\System32\RPCRT4.dll
0x00007fff574d0000 - 0x00007fff57665000 	C:\WINDOWS\System32\USER32.dll
0x00007fff54580000 - 0x00007fff545a1000 	C:\WINDOWS\System32\win32u.dll
0x00007fff57670000 - 0x00007fff57696000 	C:\WINDOWS\System32\GDI32.dll
0x00007fff543e0000 - 0x00007fff54576000 	C:\WINDOWS\System32\gdi32full.dll
0x00007fff54a30000 - 0x00007fff54ace000 	C:\WINDOWS\System32\msvcp_win.dll
0x00007fff54680000 - 0x00007fff5477a000 	C:\WINDOWS\System32\ucrtbase.dll
0x00007fff44db0000 - 0x00007fff45034000 	C:\WINDOWS\WinSxS\amd64_microsoft.windows.common-controls_6595b64144ccf1df_6.0.18362.1082_none_9e8193e1e45b25c1\COMCTL32.dll
0x00007fff577a0000 - 0x00007fff57ad5000 	C:\WINDOWS\System32\combase.dll
0x00007fff54950000 - 0x00007fff549d0000 	C:\WINDOWS\System32\bcryptPrimitives.dll
0x00007fff56f70000 - 0x00007fff56f9e000 	C:\WINDOWS\System32\IMM32.DLL
0x0000000050590000 - 0x0000000050662000 	C:\Program Files\Java\jdk1.8.0_212\jre\bin\msvcr100.dll
0x0000000076620000 - 0x0000000076ec5000 	C:\Program Files\Java\jdk1.8.0_212\jre\bin\server\jvm.dll
0x00007fff57100000 - 0x00007fff57108000 	C:\WINDOWS\System32\PSAPI.DLL
0x00007fff50bf0000 - 0x00007fff50c14000 	C:\WINDOWS\SYSTEM32\WINMM.dll
0x00007fff4ae60000 - 0x00007fff4ae6a000 	C:\WINDOWS\SYSTEM32\VERSION.dll
0x00007fff50b60000 - 0x00007fff50b8d000 	C:\WINDOWS\SYSTEM32\WINMMBASE.dll
0x00007fff54900000 - 0x00007fff5494a000 	C:\WINDOWS\System32\cfgmgr32.dll
0x00007fff478a0000 - 0x00007fff478a9000 	C:\WINDOWS\SYSTEM32\WSOCK32.dll
0x00007fff555b0000 - 0x00007fff5561f000 	C:\WINDOWS\System32\ws2_32.DLL
0x00007fff48ad0000 - 0x00007fff48adf000 	C:\Program Files\Java\jdk1.8.0_212\jre\bin\verify.dll
0x00007fff48aa0000 - 0x00007fff48ac9000 	C:\Program Files\Java\jdk1.8.0_212\jre\bin\java.dll
0x00007fff43f00000 - 0x00007fff43f16000 	C:\Program Files\Java\jdk1.8.0_212\jre\bin\zip.dll
0x00007fff56750000 - 0x00007fff56e37000 	C:\WINDOWS\System32\SHELL32.dll
0x00007fff57050000 - 0x00007fff570f9000 	C:\WINDOWS\System32\shcore.dll
0x00007fff54ad0000 - 0x00007fff55250000 	C:\WINDOWS\System32\windows.storage.dll
0x00007fff54090000 - 0x00007fff540b3000 	C:\WINDOWS\System32\profapi.dll
0x00007fff540c0000 - 0x00007fff5410a000 	C:\WINDOWS\System32\powrprof.dll
0x00007fff54060000 - 0x00007fff54070000 	C:\WINDOWS\System32\UMPDC.dll
0x00007fff56590000 - 0x00007fff565e2000 	C:\WINDOWS\System32\shlwapi.dll
0x00007fff54070000 - 0x00007fff54081000 	C:\WINDOWS\System32\kernel.appcore.dll
0x00007fff54660000 - 0x00007fff54677000 	C:\WINDOWS\System32\cryptsp.dll
0x00007fff43b00000 - 0x00007fff43b1a000 	C:\Program Files\Java\jdk1.8.0_212\jre\bin\net.dll
0x00007fff57250000 - 0x00007fff57426000 	C:\WINDOWS\System32\urlmon.dll
0x00007fff55250000 - 0x00007fff554f6000 	C:\WINDOWS\System32\iertutil.dll
0x00007fff53a20000 - 0x00007fff53a2c000 	C:\WINDOWS\SYSTEM32\CRYPTBASE.DLL
0x00007fff53850000 - 0x00007fff538b7000 	C:\WINDOWS\system32\mswsock.dll
0x00007fff3d840000 - 0x00007fff3d852000 	C:\Program Files\Java\jdk1.8.0_212\jre\bin\nio.dll

VM Arguments:
jvm_args: -Dmaven.home=EMBEDDED -Dclassworlds.conf=C:\Users\home\Desktop\Minecraft Modding\MinecraftMod\eclipse\.metadata\.plugins\org.eclipse.m2e.launching\launches\m2conf7366294407597935621.tmp -Dmaven.multiModuleProjectDirectory=C:\Users\home\Desktop\Minecraft Modding\MinecraftMod\eclipse\floo_network -Dfile.encoding=Cp1255 
java_command: org.codehaus.plexus.classworlds.launcher.Launcher -B clean package
java_class_path (initial): C:\Users\home\Downloads\eclipse-java-oxygen-2-win32-x86_64\eclipse\plugins\org.eclipse.m2e.maven.runtime_1.8.3.20180227-2135\jars\plexus-classworlds-2.5.2.jar
Launcher Type: SUN_STANDARD

Environment Variables:
JAVA_HOME=C:\Program Files\Java\jdk1.8.0_212
PATH=C:/Program Files/Java/jre1.8.0_261/bin/server;C:/Program Files/Java/jre1.8.0_261/bin;C:/Program Files/Java/jre1.8.0_261/lib/amd64;C:\Program Files (x86)\Common Files\Oracle\Java\javapath;C:\ProgramData\Oracle\Java\javapath;C:\Program Files (x86)\NVIDIA Corporation\PhysX\Common;C:\WINDOWS\system32;C:\WINDOWS;C:\WINDOWS\System32\Wbem;C:\WINDOWS\System32\WindowsPowerShell\v1.0\;C:\WINDOWS\system32\config\systemprofile\.dnx\bin;C:\Program Files\Microsoft DNX\Dnvm\;C:\Program Files\Microsoft SQL Server\130\Tools\Binn\;C:\Program Files (x86)\GtkSharp\2.12\bin;C:\Program Files (x86)\Windows Kits\8.1\Windows Performance Toolkit\;C:\Program Files\nodejs\;C:\Program Files\Java\jdk1.8.0_212\bin\;C:\Program Files\Git\cmd;C:\Users\home\Documents\Maven\apache-maven-3.6.2\bin;C:\WINDOWS\System32\OpenSSH\;C:\Program Files\MySQL\MySQL Shell 8.0\bin\;C:\Users\home\AppData\Local\Microsoft\WindowsApps;;C:\Program Files\JetBrains\IntelliJ IDEA Community Edition 2019.3.4\bin;;C:\Users\home\Downloads\eclipse-java-oxygen-2-win32-x86_64\eclipse;
USERNAME=home
OS=Windows_NT
PROCESSOR_IDENTIFIER=Intel64 Family 6 Model 42 Stepping 7, GenuineIntel



---------------  S Y S T E M  ---------------

OS: Windows 10.0 , 64 bit Build 18362 (10.0.18362.1082)

CPU:total 4 (initial active 4) (4 cores per cpu, 1 threads per core) family 6 model 42 stepping 7, cmov, cx8, fxsr, mmx, sse, sse2, sse3, ssse3, sse4.1, sse4.2, popcnt, avx, aes, clmul, tsc, tscinvbit

Memory: 4k page, physical 6194264k(80756k free), swap 7885912k(9096k free)

vm_info: Java HotSpot(TM) 64-Bit Server VM (25.212-b10) for windows-amd64 JRE (1.8.0_212-b10), built on Apr  1 2019 22:50:23 by "java_re" with MS VC++ 10.0 (VS2010)

time: Wed Sep 09 20:41:34 2020
timezone: שעון קיץ ירושלים
elapsed time: 37 seconds (0d 0h 0m 37s)

